<?xml version="1.0" encoding="UTF-8"?>
<testng-results ignored="0" total="1" passed="1" failed="0" skipped="0">
  <reporter-output>
  </reporter-output>
  <suite started-at="2023-11-04T16:29:06 IST" name="io.github.ladybug.seleniumDemoTest" finished-at="2023-11-04T16:29:09 IST" duration-ms="3144">
    <groups>
    </groups>
    <test started-at="2023-11-04T16:29:06 IST" name="Command line test" finished-at="2023-11-04T16:29:09 IST" duration-ms="3144">
      <class name="io.github.ladybug.seleniumDemoTest">
        <test-method signature="testGooglePage()[pri:0, instance:io.github.ladybug.seleniumDemoTest@55fe41ea]" started-at="2023-11-04T16:29:06 IST" name="testGooglePage" finished-at="2023-11-04T16:29:09 IST" duration-ms="3106" status="PASS">
          <reporter-output>
          </reporter-output>
        </test-method> <!-- testGooglePage -->
      </class> <!-- io.github.ladybug.seleniumDemoTest -->
    </test> <!-- Command line test -->
  </suite> <!-- io.github.ladybug.seleniumDemoTest -->
</testng-results>
